<?xml version="1.0" encoding="UTF-8"?>
<testsuite xmlns:xsi="http://www.w3.org/2001/XMLSchema-instance" xsi:noNamespaceSchemaLocation="https://maven.apache.org/surefire/maven-surefire-plugin/xsd/surefire-test-report-3.0.xsd" version="3.0" name="pl.qaaacademy.todo.item.BasicTodoItemPropertiesTest" time="0.334" tests="20" errors="0" skipped="0" failures="0">
  <properties>
    <property name="java.specification.version" value="16"/>
    <property name="sun.cpu.isalist" value="amd64"/>
    <property name="sun.jnu.encoding" value="Cp1250"/>
    <property name="java.class.path" value="C:\Users\bartosz.niemczyk\IdeaProjects\tdd_junit5_practise\target\test-classes;C:\Users\bartosz.niemczyk\IdeaProjects\tdd_junit5_practise\target\classes;C:\Users\bartosz.niemczyk\.m2\repository\org\junit\jupiter\junit-jupiter-api\5.8.1\junit-jupiter-api-5.8.1.jar;C:\Users\bartosz.niemczyk\.m2\repository\org\opentest4j\opentest4j\1.2.0\opentest4j-1.2.0.jar;C:\Users\bartosz.niemczyk\.m2\repository\org\junit\platform\junit-platform-commons\1.8.1\junit-platform-commons-1.8.1.jar;C:\Users\bartosz.niemczyk\.m2\repository\org\apiguardian\apiguardian-api\1.1.2\apiguardian-api-1.1.2.jar;C:\Users\bartosz.niemczyk\.m2\repository\org\junit\jupiter\junit-jupiter-engine\5.8.1\junit-jupiter-engine-5.8.1.jar;C:\Users\bartosz.niemczyk\.m2\repository\org\junit\platform\junit-platform-engine\1.8.1\junit-platform-engine-1.8.1.jar;C:\Users\bartosz.niemczyk\.m2\repository\org\apache\logging\log4j\log4j-api\2.14.1\log4j-api-2.14.1.jar;C:\Users\bartosz.niemczyk\.m2\repository\org\apache\logging\log4j\log4j-core\2.14.1\log4j-core-2.14.1.jar;C:\Users\bartosz.niemczyk\.m2\repository\org\apache\logging\log4j\log4j-slf4j-impl\2.14.1\log4j-slf4j-impl-2.14.1.jar;C:\Users\bartosz.niemczyk\.m2\repository\org\slf4j\slf4j-api\1.7.25\slf4j-api-1.7.25.jar;C:\Users\bartosz.niemczyk\.m2\repository\org\hamcrest\hamcrest\2.2\hamcrest-2.2.jar;C:\Users\bartosz.niemczyk\.m2\repository\org\apache\commons\commons-lang3\3.12.0\commons-lang3-3.12.0.jar;C:\Users\bartosz.niemczyk\.m2\repository\org\junit\jupiter\junit-jupiter-params\5.8.1\junit-jupiter-params-5.8.1.jar;"/>
    <property name="java.vm.vendor" value="Oracle Corporation"/>
    <property name="sun.arch.data.model" value="64"/>
    <property name="user.variant" value=""/>
    <property name="java.vendor.url" value="https://java.oracle.com/"/>
    <property name="user.timezone" value="Europe/Warsaw"/>
    <property name="os.name" value="Windows 10"/>
    <property name="java.vm.specification.version" value="16"/>
    <property name="sun.java.launcher" value="SUN_STANDARD"/>
    <property name="user.country" value="US"/>
    <property name="sun.boot.library.path" value="C:\Program Files\Java\jdk-16.0.2\bin"/>
    <property name="sun.java.command" value="C:\Users\bartosz.niemczyk\AppData\Local\Temp\surefire10633914278918078814\surefirebooter4764778431819406223.jar C:\Users\bartosz.niemczyk\AppData\Local\Temp\surefire10633914278918078814 2021-10-07T11-00-10_449-jvmRun1 surefire3077307111165075934tmp surefire_016686110581270964687tmp"/>
    <property name="jdk.debug" value="release"/>
    <property name="surefire.test.class.path" value="C:\Users\bartosz.niemczyk\IdeaProjects\tdd_junit5_practise\target\test-classes;C:\Users\bartosz.niemczyk\IdeaProjects\tdd_junit5_practise\target\classes;C:\Users\bartosz.niemczyk\.m2\repository\org\junit\jupiter\junit-jupiter-api\5.8.1\junit-jupiter-api-5.8.1.jar;C:\Users\bartosz.niemczyk\.m2\repository\org\opentest4j\opentest4j\1.2.0\opentest4j-1.2.0.jar;C:\Users\bartosz.niemczyk\.m2\repository\org\junit\platform\junit-platform-commons\1.8.1\junit-platform-commons-1.8.1.jar;C:\Users\bartosz.niemczyk\.m2\repository\org\apiguardian\apiguardian-api\1.1.2\apiguardian-api-1.1.2.jar;C:\Users\bartosz.niemczyk\.m2\repository\org\junit\jupiter\junit-jupiter-engine\5.8.1\junit-jupiter-engine-5.8.1.jar;C:\Users\bartosz.niemczyk\.m2\repository\org\junit\platform\junit-platform-engine\1.8.1\junit-platform-engine-1.8.1.jar;C:\Users\bartosz.niemczyk\.m2\repository\org\apache\logging\log4j\log4j-api\2.14.1\log4j-api-2.14.1.jar;C:\Users\bartosz.niemczyk\.m2\repository\org\apache\logging\log4j\log4j-core\2.14.1\log4j-core-2.14.1.jar;C:\Users\bartosz.niemczyk\.m2\repository\org\apache\logging\log4j\log4j-slf4j-impl\2.14.1\log4j-slf4j-impl-2.14.1.jar;C:\Users\bartosz.niemczyk\.m2\repository\org\slf4j\slf4j-api\1.7.25\slf4j-api-1.7.25.jar;C:\Users\bartosz.niemczyk\.m2\repository\org\hamcrest\hamcrest\2.2\hamcrest-2.2.jar;C:\Users\bartosz.niemczyk\.m2\repository\org\apache\commons\commons-lang3\3.12.0\commons-lang3-3.12.0.jar;C:\Users\bartosz.niemczyk\.m2\repository\org\junit\jupiter\junit-jupiter-params\5.8.1\junit-jupiter-params-5.8.1.jar;"/>
    <property name="sun.cpu.endian" value="little"/>
    <property name="user.home" value="C:\Users\bartosz.niemczyk"/>
    <property name="user.language" value="en"/>
    <property name="java.specification.vendor" value="Oracle Corporation"/>
    <property name="java.version.date" value="2021-07-20"/>
    <property name="java.home" value="C:\Program Files\Java\jdk-16.0.2"/>
    <property name="file.separator" value="\"/>
    <property name="basedir" value="C:\Users\bartosz.niemczyk\IdeaProjects\tdd_junit5_practise"/>
    <property name="java.vm.compressedOopsMode" value="Zero based"/>
    <property name="line.separator" value="&#10;"/>
    <property name="java.vm.specification.vendor" value="Oracle Corporation"/>
    <property name="java.specification.name" value="Java Platform API Specification"/>
    <property name="surefire.real.class.path" value="C:\Users\bartosz.niemczyk\AppData\Local\Temp\surefire10633914278918078814\surefirebooter4764778431819406223.jar"/>
    <property name="user.script" value=""/>
    <property name="sun.management.compiler" value="HotSpot 64-Bit Tiered Compilers"/>
    <property name="java.runtime.version" value="16.0.2+7-67"/>
    <property name="user.name" value="bartosz.niemczyk"/>
    <property name="path.separator" value=";"/>
    <property name="os.version" value="10.0"/>
    <property name="java.runtime.name" value="Java(TM) SE Runtime Environment"/>
    <property name="file.encoding" value="Cp1252"/>
    <property name="java.vm.name" value="Java HotSpot(TM) 64-Bit Server VM"/>
    <property name="localRepository" value="C:\Users\bartosz.niemczyk\.m2\repository"/>
    <property name="java.vendor.url.bug" value="https://bugreport.java.com/bugreport/"/>
    <property name="java.io.tmpdir" value="C:\Users\BARTOS~1.NIE\AppData\Local\Temp\"/>
    <property name="java.version" value="16.0.2"/>
    <property name="user.dir" value="C:\Users\bartosz.niemczyk\IdeaProjects\tdd_junit5_practise"/>
    <property name="os.arch" value="amd64"/>
    <property name="java.vm.specification.name" value="Java Virtual Machine Specification"/>
    <property name="sun.os.patch.level" value=""/>
    <property name="java.library.path" value="C:\Program Files\Java\jdk-16.0.2\bin;C:\Windows\Sun\Java\bin;C:\Windows\system32;C:\Windows;C:\Program Files\Common Files\Oracle\Java\javapath;C:\Windows\system32;C:\Windows;C:\Windows\System32\Wbem;C:\Windows\System32\WindowsPowerShell\v1.0\;C:\Windows\System32\OpenSSH\;C:\Program Files\Git\cmd;C:\Program Files\JetBrains\IntelliJ IDEA 2021.2.1\bin;;C:\Program Files\apache-maven-3.8.2-bin\apache-maven-3.8.2\bin;;."/>
    <property name="java.vm.info" value="mixed mode, sharing"/>
    <property name="java.vendor" value="Oracle Corporation"/>
    <property name="java.vm.version" value="16.0.2+7-67"/>
    <property name="sun.io.unicode.encoding" value="UnicodeLittle"/>
    <property name="java.class.version" value="60.0"/>
  </properties>
  <testcase name="shouldCreateTodoItemWithTitleAndDescription" classname="pl.qaaacademy.todo.item.BasicTodoItemPropertiesTest" time="0.164"/>
  <testcase name="shouldThrowExceptionWhenTryingToCompleteAnItemThatIsPending" classname="pl.qaaacademy.todo.item.BasicTodoItemPropertiesTest" time="0.003"/>
  <testcase name="shouldToggleStatusFromInProgressToPending" classname="pl.qaaacademy.todo.item.BasicTodoItemPropertiesTest" time="0.001"/>
  <testcase name="shouldThrowExceptionWhenTryingToCompleteAnItemThatIsCompleted" classname="pl.qaaacademy.todo.item.BasicTodoItemPropertiesTest" time="0.001"/>
  <testcase name="shouldToggleStatusFromPendingToInProgress" classname="pl.qaaacademy.todo.item.BasicTodoItemPropertiesTest" time="0"/>
  <testcase name="shouldNotSetANullNewDescription" classname="pl.qaaacademy.todo.item.BasicTodoItemPropertiesTest" time="0.173">
    <system-out><![CDATA[11:00:11.400 [ForkJoinPool-1-worker-3] ERROR pl.qaaacademy.todo.item.TodoItem - Title cannot be null or blank
11:00:11.400 [ForkJoinPool-1-worker-11] ERROR pl.qaaacademy.todo.item.TodoItem - Title has to meet all of the given criteria!
11:00:11.400 [ForkJoinPool-1-worker-7] ERROR pl.qaaacademy.todo.item.TodoItem - Status connot be changed for COMPLETED item
11:00:11.400 [ForkJoinPool-1-worker-1] ERROR pl.qaaacademy.todo.item.TodoItem - Description cannot be null or longer than 250 characters
11:00:11.400 [ForkJoinPool-1-worker-13] ERROR pl.qaaacademy.todo.item.TodoItem - Title cannot be null or blank
]]></system-out>
  </testcase>
  <testcase name="shouldNotToggleStatusFromCompletedTOInProgress" classname="pl.qaaacademy.todo.item.BasicTodoItemPropertiesTest" time="0.173"/>
  <testcase name="checkingIfExceptionIsThrownWhileSettingTitleThatDoesNotMeetSpecifiedCriteria" classname="pl.qaaacademy.todo.item.BasicTodoItemPropertiesTest" time="0.006"/>
  <testcase name="shouldThrowAnExceptionWileSettingAnEmptyTitle" classname="pl.qaaacademy.todo.item.BasicTodoItemPropertiesTest" time="0.173"/>
  <testcase name="shouldThrowAnExceptionWhileCreatingItemWithEmptyTitle" classname="pl.qaaacademy.todo.item.BasicTodoItemPropertiesTest" time="0.016"/>
  <testcase name="shouldNotCreateATodoItemWithNullDescription" classname="pl.qaaacademy.todo.item.BasicTodoItemPropertiesTest" time="0.001">
    <system-out><![CDATA[11:00:11.410 [ForkJoinPool-1-worker-1] ERROR pl.qaaacademy.todo.item.TodoItem - Description cannot be null or longer than 250 characters
11:00:11.411 [ForkJoinPool-1-worker-11] ERROR pl.qaaacademy.todo.item.TodoItem - Description cannot be null or longer than 250 characters
]]></system-out>
  </testcase>
  <testcase name="shouldNotCreateATodoItemWithDescriptionLongerThan250Characters" classname="pl.qaaacademy.todo.item.BasicTodoItemPropertiesTest" time="0.001"/>
  <testcase name="shouldCompleteATaskRepresented" classname="pl.qaaacademy.todo.item.BasicTodoItemPropertiesTest" time="0.008">
    <system-out><![CDATA[11:00:11.412 [ForkJoinPool-1-worker-7] ERROR pl.qaaacademy.todo.item.TodoItem - Description cannot be null or longer than 250 characters
]]></system-out>
  </testcase>
  <testcase name="shouldNotSetADescriptionLongerThan250Characters" classname="pl.qaaacademy.todo.item.BasicTodoItemPropertiesTest" time="0.001"/>
  <testcase name="shouldCreateValidTodoItemsCsvFileSource(String, String)[2]" classname="pl.qaaacademy.todo.item.BasicTodoItemPropertiesTest" time="0.032"/>
  <testcase name="shouldCreateValidTodoItemsWithArgumentsSource(String, String)[2]" classname="pl.qaaacademy.todo.item.BasicTodoItemPropertiesTest" time="0.013"/>
  <testcase name="shouldCreateValidTodoItemsCsvFileSource(String, String)[1]" classname="pl.qaaacademy.todo.item.BasicTodoItemPropertiesTest" time="0.015"/>
  <testcase name="shouldCreateValidTodoItemsWithArgumentsSource(String, String)[3]" classname="pl.qaaacademy.todo.item.BasicTodoItemPropertiesTest" time="0.013"/>
  <testcase name="shouldCreateValidTodoItemsCsvFileSource(String, String)[3]" classname="pl.qaaacademy.todo.item.BasicTodoItemPropertiesTest" time="0.014"/>
  <testcase name="shouldCreateValidTodoItemsWithArgumentsSource(String, String)[1]" classname="pl.qaaacademy.todo.item.BasicTodoItemPropertiesTest" time="0.001"/>
</testsuite>